[2023-04-06T19:44:36.484+0700][0.018s] Heap region size: 1M
[2023-04-06T19:44:36.707+0700][0.241s] Using G1
[2023-04-06T19:44:36.707+0700][0.241s] Heap address: 0x00000000e0000000, size: 512 MB, Compressed Oops mode: 32-bit
[2023-04-06T19:44:40.977+0700][4.512s] GC(0) Pause Young (Normal) (G1 Evacuation Pause)
[2023-04-06T19:44:40.977+0700][4.512s] GC(0) Using 8 workers of 8 for evacuation
[2023-04-06T19:44:40.981+0700][4.516s] GC(0)   Pre Evacuate Collection Set: 0.0ms
[2023-04-06T19:44:40.981+0700][4.516s] GC(0)   Evacuate Collection Set: 3.3ms
[2023-04-06T19:44:40.981+0700][4.516s] GC(0)   Post Evacuate Collection Set: 0.4ms
[2023-04-06T19:44:40.981+0700][4.516s] GC(0)   Other: 0.6ms
[2023-04-06T19:44:40.981+0700][4.516s] GC(0) Eden regions: 30->0(303)
[2023-04-06T19:44:40.981+0700][4.516s] GC(0) Survivor regions: 0->4(4)
[2023-04-06T19:44:40.981+0700][4.516s] GC(0) Old regions: 0->0
[2023-04-06T19:44:40.981+0700][4.516s] GC(0) Humongous regions: 0->0
[2023-04-06T19:44:40.981+0700][4.516s] GC(0) Metaspace: 14399K->14399K(1062912K)
[2023-04-06T19:44:40.982+0700][4.516s] GC(0) Pause Young (Normal) (G1 Evacuation Pause) 30M->3M(512M) 4.833ms
[2023-04-06T19:44:40.982+0700][4.516s] GC(0) User=0.00s Sys=0.00s Real=0.01s
[2023-04-06T19:44:41.335+0700][4.870s] GC(1) Pause Young (Concurrent Start) (Metadata GC Threshold)
[2023-04-06T19:44:41.335+0700][4.870s] GC(1) Using 8 workers of 8 for evacuation
[2023-04-06T19:44:41.344+0700][4.879s] GC(1)   Pre Evacuate Collection Set: 0.0ms
[2023-04-06T19:44:41.344+0700][4.879s] GC(1)   Evacuate Collection Set: 8.2ms
[2023-04-06T19:44:41.345+0700][4.879s] GC(1)   Post Evacuate Collection Set: 0.6ms
[2023-04-06T19:44:41.345+0700][4.879s] GC(1)   Other: 0.2ms
[2023-04-06T19:44:41.345+0700][4.879s] GC(1) Eden regions: 22->0(88)
[2023-04-06T19:44:41.345+0700][4.879s] GC(1) Survivor regions: 4->12(39)
[2023-04-06T19:44:41.345+0700][4.880s] GC(1) Old regions: 0->0
[2023-04-06T19:44:41.345+0700][4.880s] GC(1) Humongous regions: 4->4
[2023-04-06T19:44:41.345+0700][4.880s] GC(1) Metaspace: 20654K->20654K(1069056K)
[2023-04-06T19:44:41.345+0700][4.880s] GC(1) Pause Young (Concurrent Start) (Metadata GC Threshold) 29M->16M(512M) 9.387ms
[2023-04-06T19:44:41.345+0700][4.880s] GC(1) User=0.02s Sys=0.00s Real=0.01s
[2023-04-06T19:44:41.345+0700][4.880s] GC(2) Concurrent Cycle
[2023-04-06T19:44:41.345+0700][4.880s] GC(2) Concurrent Clear Claimed Marks
[2023-04-06T19:44:41.345+0700][4.880s] GC(2) Concurrent Clear Claimed Marks 0.032ms
[2023-04-06T19:44:41.345+0700][4.880s] GC(2) Concurrent Scan Root Regions
[2023-04-06T19:44:41.349+0700][4.884s] GC(2) Concurrent Scan Root Regions 4.013ms
[2023-04-06T19:44:41.349+0700][4.884s] GC(2) Concurrent Mark (4.884s)
[2023-04-06T19:44:41.349+0700][4.884s] GC(2) Concurrent Mark From Roots
[2023-04-06T19:44:41.349+0700][4.884s] GC(2) Using 2 workers of 2 for marking
[2023-04-06T19:44:41.350+0700][4.885s] GC(2) Concurrent Mark From Roots 1.216ms
[2023-04-06T19:44:41.350+0700][4.885s] GC(2) Concurrent Preclean
[2023-04-06T19:44:41.350+0700][4.885s] GC(2) Concurrent Preclean 0.141ms
[2023-04-06T19:44:41.350+0700][4.885s] GC(2) Concurrent Mark (4.884s, 4.885s) 1.449ms
[2023-04-06T19:44:41.351+0700][4.886s] GC(2) Pause Remark
[2023-04-06T19:44:41.352+0700][4.887s] GC(2) Cleaned string and symbol table, strings: 9777 processed, 0 removed, symbols: 68672 processed, 20 removed
[2023-04-06T19:44:41.352+0700][4.887s] GC(2) Pause Remark 16M->16M(512M) 1.363ms
[2023-04-06T19:44:41.352+0700][4.887s] GC(2) User=0.00s Sys=0.00s Real=0.00s
[2023-04-06T19:44:41.352+0700][4.887s] GC(2) Concurrent Rebuild Remembered Sets
[2023-04-06T19:44:41.354+0700][4.889s] GC(2) Concurrent Rebuild Remembered Sets 2.025ms
[2023-04-06T19:44:41.354+0700][4.889s] GC(2) Pause Cleanup
[2023-04-06T19:44:41.354+0700][4.889s] GC(2) Pause Cleanup 17M->17M(512M) 0.171ms
[2023-04-06T19:44:41.355+0700][4.889s] GC(2) User=0.00s Sys=0.00s Real=0.00s
[2023-04-06T19:44:41.355+0700][4.889s] GC(2) Concurrent Cleanup for Next Mark
[2023-04-06T19:44:41.355+0700][4.890s] GC(2) Concurrent Cleanup for Next Mark 0.454ms
[2023-04-06T19:44:41.355+0700][4.890s] GC(2) Concurrent Cycle 10.332ms
[2023-04-06T19:44:42.202+0700][5.736s] GC(3) Pause Young (Normal) (G1 Evacuation Pause)
[2023-04-06T19:44:42.202+0700][5.737s] GC(3) Using 8 workers of 8 for evacuation
[2023-04-06T19:44:42.214+0700][5.749s] GC(3)   Pre Evacuate Collection Set: 0.0ms
[2023-04-06T19:44:42.214+0700][5.749s] GC(3)   Evacuate Collection Set: 11.0ms
[2023-04-06T19:44:42.214+0700][5.749s] GC(3)   Post Evacuate Collection Set: 0.9ms
[2023-04-06T19:44:42.214+0700][5.749s] GC(3)   Other: 0.2ms
[2023-04-06T19:44:42.214+0700][5.749s] GC(3) Eden regions: 53->0(74)
[2023-04-06T19:44:42.214+0700][5.749s] GC(3) Survivor regions: 12->9(9)
[2023-04-06T19:44:42.214+0700][5.749s] GC(3) Old regions: 0->12
[2023-04-06T19:44:42.214+0700][5.749s] GC(3) Humongous regions: 4->4
[2023-04-06T19:44:42.214+0700][5.749s] GC(3) Metaspace: 24923K->24923K(1073152K)
[2023-04-06T19:44:42.214+0700][5.749s] GC(3) Pause Young (Normal) (G1 Evacuation Pause) 69M->24M(512M) 12.299ms
[2023-04-06T19:44:42.214+0700][5.749s] GC(3) User=0.00s Sys=0.00s Real=0.01s
[2023-04-06T19:44:43.142+0700][6.676s] GC(4) Pause Young (Normal) (G1 Evacuation Pause)
[2023-04-06T19:44:43.142+0700][6.677s] GC(4) Using 8 workers of 8 for evacuation
[2023-04-06T19:44:43.145+0700][6.680s] GC(4)   Pre Evacuate Collection Set: 0.0ms
[2023-04-06T19:44:43.145+0700][6.680s] GC(4)   Evacuate Collection Set: 3.0ms
[2023-04-06T19:44:43.145+0700][6.680s] GC(4)   Post Evacuate Collection Set: 0.3ms
[2023-04-06T19:44:43.145+0700][6.680s] GC(4)   Other: 0.2ms
[2023-04-06T19:44:43.145+0700][6.680s] GC(4) Eden regions: 74->0(306)
[2023-04-06T19:44:43.146+0700][6.680s] GC(4) Survivor regions: 9->1(11)
[2023-04-06T19:44:43.146+0700][6.680s] GC(4) Old regions: 12->20
[2023-04-06T19:44:43.146+0700][6.680s] GC(4) Humongous regions: 4->4
[2023-04-06T19:44:43.146+0700][6.680s] GC(4) Metaspace: 31494K->31494K(1077248K)
[2023-04-06T19:44:43.146+0700][6.680s] GC(4) Pause Young (Normal) (G1 Evacuation Pause) 98M->24M(512M) 3.703ms
[2023-04-06T19:44:43.146+0700][6.680s] GC(4) User=0.00s Sys=0.00s Real=0.00s
[2023-04-06T19:44:43.448+0700][6.982s] GC(5) Pause Young (Concurrent Start) (Metadata GC Threshold)
[2023-04-06T19:44:43.448+0700][6.982s] GC(5) Using 8 workers of 8 for evacuation
[2023-04-06T19:44:43.450+0700][6.985s] GC(5)   Pre Evacuate Collection Set: 0.0ms
[2023-04-06T19:44:43.451+0700][6.985s] GC(5)   Evacuate Collection Set: 2.4ms
[2023-04-06T19:44:43.451+0700][6.985s] GC(5)   Post Evacuate Collection Set: 0.3ms
[2023-04-06T19:44:43.451+0700][6.985s] GC(5)   Other: 0.1ms
[2023-04-06T19:44:43.451+0700][6.985s] GC(5) Eden regions: 20->0(158)
[2023-04-06T19:44:43.451+0700][6.985s] GC(5) Survivor regions: 1->2(39)
[2023-04-06T19:44:43.451+0700][6.985s] GC(5) Old regions: 20->20
[2023-04-06T19:44:43.451+0700][6.985s] GC(5) Humongous regions: 4->4
[2023-04-06T19:44:43.451+0700][6.985s] GC(5) Metaspace: 34974K->34974K(1081344K)
[2023-04-06T19:44:43.451+0700][6.985s] GC(5) Pause Young (Concurrent Start) (Metadata GC Threshold) 44M->25M(512M) 3.116ms
[2023-04-06T19:44:43.451+0700][6.985s] GC(5) User=0.00s Sys=0.00s Real=0.00s
[2023-04-06T19:44:43.451+0700][6.985s] GC(6) Concurrent Cycle
[2023-04-06T19:44:43.451+0700][6.985s] GC(6) Concurrent Clear Claimed Marks
[2023-04-06T19:44:43.451+0700][6.985s] GC(6) Concurrent Clear Claimed Marks 0.043ms
[2023-04-06T19:44:43.451+0700][6.985s] GC(6) Concurrent Scan Root Regions
[2023-04-06T19:44:43.452+0700][6.987s] GC(6) Concurrent Scan Root Regions 1.181ms
[2023-04-06T19:44:43.452+0700][6.987s] GC(6) Concurrent Mark (6.987s)
[2023-04-06T19:44:43.452+0700][6.987s] GC(6) Concurrent Mark From Roots
[2023-04-06T19:44:43.452+0700][6.987s] GC(6) Using 2 workers of 2 for marking
[2023-04-06T19:44:43.473+0700][7.008s] GC(6) Concurrent Mark From Roots 21.068ms
[2023-04-06T19:44:43.473+0700][7.008s] GC(6) Concurrent Preclean
[2023-04-06T19:44:43.474+0700][7.008s] GC(6) Concurrent Preclean 0.241ms
[2023-04-06T19:44:43.474+0700][7.008s] GC(6) Concurrent Mark (6.987s, 7.008s) 21.424ms
[2023-04-06T19:44:43.474+0700][7.008s] GC(6) Pause Remark
[2023-04-06T19:44:43.476+0700][7.010s] GC(6) Cleaned string and symbol table, strings: 15842 processed, 26 removed, symbols: 115493 processed, 42 removed
[2023-04-06T19:44:43.476+0700][7.010s] GC(6) Pause Remark 28M->28M(512M) 2.104ms
[2023-04-06T19:44:43.476+0700][7.011s] GC(6) User=0.00s Sys=0.00s Real=0.00s
[2023-04-06T19:44:43.476+0700][7.011s] GC(6) Concurrent Rebuild Remembered Sets
[2023-04-06T19:44:43.485+0700][7.019s] GC(6) Concurrent Rebuild Remembered Sets 8.491ms
[2023-04-06T19:44:43.485+0700][7.019s] GC(6) Pause Cleanup
[2023-04-06T19:44:43.485+0700][7.019s] GC(6) Pause Cleanup 29M->29M(512M) 0.122ms
[2023-04-06T19:44:43.485+0700][7.019s] GC(6) User=0.00s Sys=0.00s Real=0.00s
[2023-04-06T19:44:43.485+0700][7.019s] GC(6) Concurrent Cleanup for Next Mark
[2023-04-06T19:44:43.485+0700][7.020s] GC(6) Concurrent Cleanup for Next Mark 0.347ms
[2023-04-06T19:44:43.485+0700][7.020s] GC(6) Concurrent Cycle 34.492ms
[2023-04-06T19:44:54.254+0700][17.789s] GC(7) Pause Young (Normal) (G1 Evacuation Pause)
[2023-04-06T19:44:54.254+0700][17.789s] GC(7) Using 8 workers of 8 for evacuation
[2023-04-06T19:44:54.259+0700][17.794s] GC(7)   Pre Evacuate Collection Set: 0.0ms
[2023-04-06T19:44:54.259+0700][17.794s] GC(7)   Evacuate Collection Set: 5.1ms
[2023-04-06T19:44:54.259+0700][17.794s] GC(7)   Post Evacuate Collection Set: 0.5ms
[2023-04-06T19:44:54.259+0700][17.794s] GC(7)   Other: 0.2ms
[2023-04-06T19:44:54.260+0700][17.795s] GC(7) Eden regions: 168->0(221)
[2023-04-06T19:44:54.260+0700][17.795s] GC(7) Survivor regions: 2->10(22)
[2023-04-06T19:44:54.260+0700][17.795s] GC(7) Old regions: 20->20
[2023-04-06T19:44:54.260+0700][17.795s] GC(7) Humongous regions: 5->4
[2023-04-06T19:44:54.260+0700][17.795s] GC(7) Metaspace: 48931K->48931K(1093632K)
[2023-04-06T19:44:54.260+0700][17.795s] GC(7) Pause Young (Normal) (G1 Evacuation Pause) 194M->33M(512M) 6.019ms
[2023-04-06T19:44:54.260+0700][17.795s] GC(7) User=0.00s Sys=0.00s Real=0.01s
[2023-04-06T21:09:29.206+0700][5092.740s] GC(8) Pause Young (Normal) (G1 Evacuation Pause)
[2023-04-06T21:09:29.206+0700][5092.740s] GC(8) Using 8 workers of 8 for evacuation
[2023-04-06T21:09:29.280+0700][5092.815s] GC(8)   Pre Evacuate Collection Set: 1.0ms
[2023-04-06T21:09:29.280+0700][5092.815s] GC(8)   Evacuate Collection Set: 69.6ms
[2023-04-06T21:09:29.280+0700][5092.815s] GC(8)   Post Evacuate Collection Set: 2.9ms
[2023-04-06T21:09:29.280+0700][5092.815s] GC(8)   Other: 0.9ms
[2023-04-06T21:09:29.280+0700][5092.815s] GC(8) Eden regions: 221->0(283)
[2023-04-06T21:09:29.280+0700][5092.815s] GC(8) Survivor regions: 10->23(29)
[2023-04-06T21:09:29.280+0700][5092.815s] GC(8) Old regions: 20->20
[2023-04-06T21:09:29.280+0700][5092.815s] GC(8) Humongous regions: 4->4
[2023-04-06T21:09:29.280+0700][5092.815s] GC(8) Metaspace: 58833K->58833K(1101824K)
[2023-04-06T21:09:29.280+0700][5092.815s] GC(8) Pause Young (Normal) (G1 Evacuation Pause) 254M->46M(512M) 74.584ms
[2023-04-06T21:09:29.280+0700][5092.815s] GC(8) User=0.08s Sys=0.34s Real=0.07s
[2023-04-06T21:09:31.159+0700][5094.694s] GC(9) Pause Young (Concurrent Start) (Metadata GC Threshold)
[2023-04-06T21:09:31.159+0700][5094.694s] GC(9) Using 8 workers of 8 for evacuation
[2023-04-06T21:09:31.179+0700][5094.714s] GC(9)   Pre Evacuate Collection Set: 0.1ms
[2023-04-06T21:09:31.179+0700][5094.714s] GC(9)   Evacuate Collection Set: 18.9ms
[2023-04-06T21:09:31.179+0700][5094.714s] GC(9)   Post Evacuate Collection Set: 0.9ms
[2023-04-06T21:09:31.179+0700][5094.714s] GC(9)   Other: 0.4ms
[2023-04-06T21:09:31.179+0700][5094.714s] GC(9) Eden regions: 3->0(272)
[2023-04-06T21:09:31.179+0700][5094.714s] GC(9) Survivor regions: 23->13(39)
[2023-04-06T21:09:31.179+0700][5094.714s] GC(9) Old regions: 20->30
[2023-04-06T21:09:31.179+0700][5094.714s] GC(9) Humongous regions: 4->4
[2023-04-06T21:09:31.179+0700][5094.714s] GC(9) Metaspace: 58875K->58875K(1101824K)
[2023-04-06T21:09:31.179+0700][5094.714s] GC(9) Pause Young (Concurrent Start) (Metadata GC Threshold) 49M->46M(512M) 20.510ms
[2023-04-06T21:09:31.179+0700][5094.714s] GC(9) User=0.08s Sys=0.03s Real=0.02s
[2023-04-06T21:09:31.181+0700][5094.715s] GC(10) Concurrent Cycle
[2023-04-06T21:09:31.181+0700][5094.715s] GC(10) Concurrent Clear Claimed Marks
[2023-04-06T21:09:31.181+0700][5094.715s] GC(10) Concurrent Clear Claimed Marks 0.093ms
[2023-04-06T21:09:31.181+0700][5094.715s] GC(10) Concurrent Scan Root Regions
[2023-04-06T21:09:31.187+0700][5094.721s] GC(10) Concurrent Scan Root Regions 6.337ms
[2023-04-06T21:09:31.187+0700][5094.721s] GC(10) Concurrent Mark (5094.721s)
[2023-04-06T21:09:31.187+0700][5094.721s] GC(10) Concurrent Mark From Roots
[2023-04-06T21:09:31.187+0700][5094.721s] GC(10) Using 2 workers of 2 for marking
[2023-04-06T21:09:31.228+0700][5094.763s] GC(10) Concurrent Mark From Roots 41.789ms
[2023-04-06T21:09:31.228+0700][5094.763s] GC(10) Concurrent Preclean
[2023-04-06T21:09:31.229+0700][5094.763s] GC(10) Concurrent Preclean 0.364ms
[2023-04-06T21:09:31.229+0700][5094.763s] GC(10) Concurrent Mark (5094.721s, 5094.763s) 42.241ms
[2023-04-06T21:09:31.229+0700][5094.764s] GC(10) Pause Remark
[2023-04-06T21:09:31.275+0700][5094.810s] GC(10) Cleaned string and symbol table, strings: 28740 processed, 1019 removed, symbols: 177702 processed, 577 removed
[2023-04-06T21:09:31.276+0700][5094.810s] GC(10) Pause Remark 46M->46M(512M) 46.961ms
[2023-04-06T21:09:31.276+0700][5094.811s] GC(10) User=0.00s Sys=0.00s Real=0.05s
[2023-04-06T21:09:31.276+0700][5094.811s] GC(10) Concurrent Rebuild Remembered Sets
[2023-04-06T21:09:31.288+0700][5094.823s] GC(10) Concurrent Rebuild Remembered Sets 12.282ms
[2023-04-06T21:09:31.289+0700][5094.823s] GC(10) Pause Cleanup
[2023-04-06T21:09:31.289+0700][5094.823s] GC(10) Pause Cleanup 46M->46M(512M) 0.146ms
[2023-04-06T21:09:31.289+0700][5094.823s] GC(10) User=0.00s Sys=0.00s Real=0.00s
[2023-04-06T21:09:31.289+0700][5094.823s] GC(10) Concurrent Cleanup for Next Mark
[2023-04-06T21:09:31.297+0700][5094.831s] GC(10) Concurrent Cleanup for Next Mark 7.472ms
[2023-04-06T21:09:31.297+0700][5094.831s] GC(10) Concurrent Cycle 116.349ms
