2023-04-05 14:59:22.210 INFO  (main) [   ] o.e.j.u.log Logging initialized @5471ms to org.eclipse.jetty.util.log.Slf4jLog
2023-04-05 14:59:22.532 INFO  (main) [   ] o.e.j.s.Server jetty-9.4.44.v20210927; built: 2021-09-27T23:02:44.612Z; git: 8da83308eeca865e495e53ef315a249d63ba9332; jvm 11.0.15.1+2-LTS-10
2023-04-05 14:59:22.550 INFO  (main) [   ] o.e.j.d.p.ScanningAppProvider Deployment monitor [file:///C:/HomeWork/SWE62-384_Digital_Content_Storage_and_Retrieval/WorkShop/ThiaResearcherProject/Project/solr-8.11.1/server/contexts/] at interval 0
2023-04-05 14:59:23.402 INFO  (main) [   ] o.e.j.w.StandardDescriptorProcessor NO JSP Support for /solr, did not find org.apache.jasper.servlet.JspServlet
2023-04-05 14:59:23.422 INFO  (main) [   ] o.e.j.s.session DefaultSessionIdManager workerName=node0
2023-04-05 14:59:23.423 INFO  (main) [   ] o.e.j.s.session No SessionScavenger set, using defaults
2023-04-05 14:59:23.426 INFO  (main) [   ] o.e.j.s.session node0 Scavenging every 660000ms
2023-04-05 14:59:23.521 INFO  (main) [   ] o.a.s.s.SolrDispatchFilter Using logger factory org.apache.logging.slf4j.Log4jLoggerFactory
2023-04-05 14:59:23.530 INFO  (main) [   ] o.a.s.s.SolrDispatchFilter  ___      _       Welcome to Apache Solr? version 8.11.1
2023-04-05 14:59:23.530 INFO  (main) [   ] o.a.s.s.SolrDispatchFilter / __| ___| |_ _   Starting in standalone mode on port 8983
2023-04-05 14:59:23.530 INFO  (main) [   ] o.a.s.s.SolrDispatchFilter \__ \/ _ \ | '_|  Install dir: C:\HomeWork\SWE62-384_Digital_Content_Storage_and_Retrieval\WorkShop\ThiaResearcherProject\Project\solr-8.11.1
2023-04-05 14:59:23.531 INFO  (main) [   ] o.a.s.s.SolrDispatchFilter |___/\___/_|_|    Start time: 2023-04-05T14:59:23.531560700Z
2023-04-05 14:59:23.578 INFO  (main) [   ] o.a.s.c.SolrPaths Using system property solr.solr.home: C:\HomeWork\SWE62-384_Digital_Content_Storage_and_Retrieval\WorkShop\ThiaResearcherProject\Project\solr-8.11.1\server\solr
2023-04-05 14:59:23.579 INFO  (main) [   ] o.a.s.c.SolrXmlConfig Loading container configuration from C:\HomeWork\SWE62-384_Digital_Content_Storage_and_Retrieval\WorkShop\ThiaResearcherProject\Project\solr-8.11.1\server\solr\solr.xml
2023-04-05 14:59:23.723 INFO  (main) [   ] o.a.s.c.SolrXmlConfig MBean server found: com.sun.jmx.mbeanserver.JmxMBeanServer@1b84f475, but no JMX reporters were configured - adding default JMX reporter.
2023-04-05 14:59:24.359 INFO  (main) [   ] o.a.s.h.c.HttpShardHandlerFactory Host whitelist initialized: WhitelistHostChecker [whitelistHosts=null, whitelistHostCheckingEnabled=true]
2023-04-05 14:59:24.599 WARN  (main) [   ] o.e.j.u.s.S.config Trusting all certificates configured for Client@46349b95[provider=null,keyStore=null,trustStore=null]
2023-04-05 14:59:24.600 WARN  (main) [   ] o.e.j.u.s.S.config No Client EndPointIdentificationAlgorithm configured for Client@46349b95[provider=null,keyStore=null,trustStore=null]
2023-04-05 14:59:24.820 WARN  (main) [   ] o.e.j.u.s.S.config Trusting all certificates configured for Client@35a0e495[provider=null,keyStore=null,trustStore=null]
2023-04-05 14:59:24.820 WARN  (main) [   ] o.e.j.u.s.S.config No Client EndPointIdentificationAlgorithm configured for Client@35a0e495[provider=null,keyStore=null,trustStore=null]
2023-04-05 14:59:24.876 WARN  (main) [   ] o.a.s.c.CoreContainer Not all security plugins configured!  authentication=disabled authorization=disabled.  Solr is only as secure as you make it. Consider configuring authentication/authorization before exposing Solr to users internal or external.  See https://s.apache.org/solrsecurity for more info
2023-04-05 14:59:34.512 INFO  (main) [   ] o.a.s.c.TransientSolrCoreCacheDefault Allocating transient core cache for max 2147483647 cores with initial capacity of 1024
2023-04-05 14:59:34.527 INFO  (main) [   ] o.a.s.h.a.MetricsHistoryHandler No .system collection, keeping metrics history in memory.
2023-04-05 14:59:34.590 INFO  (main) [   ] o.a.s.m.r.SolrJmxReporter JMX monitoring for 'solr.node' (registry 'solr.node') enabled at server: com.sun.jmx.mbeanserver.JmxMBeanServer@1b84f475
2023-04-05 14:59:34.590 INFO  (main) [   ] o.a.s.m.r.SolrJmxReporter JMX monitoring for 'solr.jvm' (registry 'solr.jvm') enabled at server: com.sun.jmx.mbeanserver.JmxMBeanServer@1b84f475
2023-04-05 14:59:34.591 INFO  (main) [   ] o.a.s.m.r.SolrJmxReporter JMX monitoring for 'solr.jetty' (registry 'solr.jetty') enabled at server: com.sun.jmx.mbeanserver.JmxMBeanServer@1b84f475
2023-04-05 14:59:34.641 INFO  (main) [   ] o.a.s.c.CorePropertiesLocator Found 2 core definitions underneath C:\HomeWork\SWE62-384_Digital_Content_Storage_and_Retrieval\WorkShop\ThiaResearcherProject\Project\solr-8.11.1\server\solr
2023-04-05 14:59:34.642 INFO  (main) [   ] o.a.s.c.CorePropertiesLocator Cores are: [test, thai_research]
2023-04-05 14:59:34.690 INFO  (coreLoadExecutor-13-thread-1) [   x:test] o.a.s.c.SolrConfig Using Lucene MatchVersion: 8.11.1
2023-04-05 14:59:34.690 INFO  (coreLoadExecutor-13-thread-2) [   x:thai_research] o.a.s.c.SolrConfig Using Lucene MatchVersion: 8.11.1
2023-04-05 14:59:34.730 WARN  (coreLoadExecutor-13-thread-1) [   x:test] o.a.s.c.SolrConfig solrconfig.xml: <jmx> is no longer supported, use solr.xml:/metrics/reporter section instead
2023-04-05 14:59:34.730 WARN  (coreLoadExecutor-13-thread-2) [   x:thai_research] o.a.s.c.SolrConfig solrconfig.xml: <jmx> is no longer supported, use solr.xml:/metrics/reporter section instead
2023-04-05 14:59:34.792 INFO  (coreLoadExecutor-13-thread-1) [   x:test] o.a.s.s.IndexSchema Schema name=default-config
2023-04-05 14:59:34.794 INFO  (coreLoadExecutor-13-thread-2) [   x:thai_research] o.a.s.s.IndexSchema Schema name=default-config
2023-04-05 14:59:35.067 WARN  (coreLoadExecutor-13-thread-1) [   x:test] o.a.s.s.AbstractSpatialPrefixTreeFieldType FieldType SpatialRecursivePrefixTreeFieldType does not allow omitNorms to be specified in schema, hardcoded behavior is omitNorms=true
2023-04-05 14:59:35.067 WARN  (coreLoadExecutor-13-thread-2) [   x:thai_research] o.a.s.s.AbstractSpatialPrefixTreeFieldType FieldType SpatialRecursivePrefixTreeFieldType does not allow omitNorms to be specified in schema, hardcoded behavior is omitNorms=true
2023-04-05 14:59:35.067 WARN  (coreLoadExecutor-13-thread-1) [   x:test] o.a.s.s.AbstractSpatialPrefixTreeFieldType FieldType SpatialRecursivePrefixTreeFieldType does not allow omitTermFreqAndPositions to be specified in schema, hardcoded behavior is omitTermFreqAndPositions=true
2023-04-05 14:59:35.067 WARN  (coreLoadExecutor-13-thread-1) [   x:test] o.a.s.s.AbstractSpatialPrefixTreeFieldType FieldType SpatialRecursivePrefixTreeFieldType does not allow termOffsets to be specified in schema, hardcoded behavior is termOffsets=false
2023-04-05 14:59:35.067 WARN  (coreLoadExecutor-13-thread-2) [   x:thai_research] o.a.s.s.AbstractSpatialPrefixTreeFieldType FieldType SpatialRecursivePrefixTreeFieldType does not allow omitTermFreqAndPositions to be specified in schema, hardcoded behavior is omitTermFreqAndPositions=true
2023-04-05 14:59:35.067 WARN  (coreLoadExecutor-13-thread-1) [   x:test] o.a.s.s.AbstractSpatialPrefixTreeFieldType FieldType SpatialRecursivePrefixTreeFieldType does not allow termPositions to be specified in schema, hardcoded behavior is termPositions=false
2023-04-05 14:59:35.067 WARN  (coreLoadExecutor-13-thread-2) [   x:thai_research] o.a.s.s.AbstractSpatialPrefixTreeFieldType FieldType SpatialRecursivePrefixTreeFieldType does not allow termOffsets to be specified in schema, hardcoded behavior is termOffsets=false
2023-04-05 14:59:35.067 WARN  (coreLoadExecutor-13-thread-1) [   x:test] o.a.s.s.AbstractSpatialPrefixTreeFieldType FieldType SpatialRecursivePrefixTreeFieldType does not allow omitPositions to be specified in schema, hardcoded behavior is omitPositions=true
2023-04-05 14:59:35.067 WARN  (coreLoadExecutor-13-thread-2) [   x:thai_research] o.a.s.s.AbstractSpatialPrefixTreeFieldType FieldType SpatialRecursivePrefixTreeFieldType does not allow termPositions to be specified in schema, hardcoded behavior is termPositions=false
2023-04-05 14:59:35.067 WARN  (coreLoadExecutor-13-thread-2) [   x:thai_research] o.a.s.s.AbstractSpatialPrefixTreeFieldType FieldType SpatialRecursivePrefixTreeFieldType does not allow omitPositions to be specified in schema, hardcoded behavior is omitPositions=true
2023-04-05 14:59:35.499 INFO  (coreLoadExecutor-13-thread-1) [   x:test] o.a.s.s.IndexSchema Loaded schema default-config/1.6 with uniqueid field id
2023-04-05 14:59:35.502 INFO  (coreLoadExecutor-13-thread-2) [   x:thai_research] o.a.s.s.IndexSchema Loaded schema default-config/1.6 with uniqueid field id
2023-04-05 14:59:35.543 INFO  (coreLoadExecutor-13-thread-1) [   x:test] o.a.s.c.CoreContainer Creating SolrCore 'test' using configuration from instancedir C:\HomeWork\SWE62-384_Digital_Content_Storage_and_Retrieval\WorkShop\ThiaResearcherProject\Project\solr-8.11.1\server\solr\test, trusted=true
2023-04-05 14:59:35.543 INFO  (coreLoadExecutor-13-thread-2) [   x:thai_research] o.a.s.c.CoreContainer Creating SolrCore 'thai_research' using configuration from instancedir C:\HomeWork\SWE62-384_Digital_Content_Storage_and_Retrieval\WorkShop\ThiaResearcherProject\Project\solr-8.11.1\server\solr\thai_research, trusted=true
2023-04-05 14:59:35.576 INFO  (coreLoadExecutor-13-thread-1) [   x:test] o.a.s.m.r.SolrJmxReporter JMX monitoring for 'solr.core.test' (registry 'solr.core.test') enabled at server: com.sun.jmx.mbeanserver.JmxMBeanServer@1b84f475
2023-04-05 14:59:35.576 INFO  (coreLoadExecutor-13-thread-2) [   x:thai_research] o.a.s.m.r.SolrJmxReporter JMX monitoring for 'solr.core.thai_research' (registry 'solr.core.thai_research') enabled at server: com.sun.jmx.mbeanserver.JmxMBeanServer@1b84f475
2023-04-05 14:59:35.602 INFO  (coreLoadExecutor-13-thread-1) [   x:test] o.a.s.c.SolrCore [[test] ] Opening new SolrCore at [C:\HomeWork\SWE62-384_Digital_Content_Storage_and_Retrieval\WorkShop\ThiaResearcherProject\Project\solr-8.11.1\server\solr\test], dataDir=[C:\HomeWork\SWE62-384_Digital_Content_Storage_and_Retrieval\WorkShop\ThiaResearcherProject\Project\solr-8.11.1\server\solr\test\data\]
2023-04-05 14:59:35.602 INFO  (coreLoadExecutor-13-thread-2) [   x:thai_research] o.a.s.c.SolrCore [[thai_research] ] Opening new SolrCore at [C:\HomeWork\SWE62-384_Digital_Content_Storage_and_Retrieval\WorkShop\ThiaResearcherProject\Project\solr-8.11.1\server\solr\thai_research], dataDir=[C:\HomeWork\SWE62-384_Digital_Content_Storage_and_Retrieval\WorkShop\ThiaResearcherProject\Project\solr-8.11.1\server\solr\thai_research\data\]
2023-04-05 14:59:35.729 INFO  (main) [   ] o.e.j.s.h.ContextHandler Started o.e.j.w.WebAppContext@e362c57{/solr,file:///C:/HomeWork/SWE62-384_Digital_Content_Storage_and_Retrieval/WorkShop/ThiaResearcherProject/Project/solr-8.11.1/server/solr-webapp/webapp/,AVAILABLE}{C:\HomeWork\SWE62-384_Digital_Content_Storage_and_Retrieval\WorkShop\ThiaResearcherProject\Project\solr-8.11.1\server/solr-webapp/webapp}
2023-04-05 14:59:35.747 INFO  (main) [   ] o.e.j.s.AbstractConnector Started ServerConnector@4816c290{HTTP/1.1, (http/1.1, h2c)}{0.0.0.0:8983}
2023-04-05 14:59:35.747 INFO  (main) [   ] o.e.j.s.Server Started @19011ms
2023-04-05 14:59:36.011 INFO  (qtp1678709153-26) [   ] o.a.s.s.HttpSolrCall [admin] webapp=null path=/admin/info/system params={wt=json} status=0 QTime=51
2023-04-05 14:59:41.292 INFO  (coreLoadExecutor-13-thread-1) [   x:test] o.a.s.u.UpdateHandler Using UpdateLog implementation: org.apache.solr.update.UpdateLog
2023-04-05 14:59:41.292 INFO  (coreLoadExecutor-13-thread-1) [   x:test] o.a.s.u.UpdateLog Initializing UpdateLog: dataDir= defaultSyncLevel=FLUSH numRecordsToKeep=100 maxNumLogsToKeep=10 numVersionBuckets=65536
2023-04-05 14:59:41.322 INFO  (coreLoadExecutor-13-thread-1) [   x:test] o.a.s.u.CommitTracker Hard AutoCommit: if uncommitted for 15000ms; 
2023-04-05 14:59:41.323 INFO  (coreLoadExecutor-13-thread-1) [   x:test] o.a.s.u.CommitTracker Soft AutoCommit: disabled
2023-04-05 14:59:41.565 INFO  (coreLoadExecutor-13-thread-1) [   x:test] o.a.s.r.ManagedResourceStorage File-based storage initialized to use dir: C:\HomeWork\SWE62-384_Digital_Content_Storage_and_Retrieval\WorkShop\ThiaResearcherProject\Project\solr-8.11.1\server\solr\test\conf
2023-04-05 14:59:41.577 INFO  (coreLoadExecutor-13-thread-1) [   x:test] o.a.s.h.c.SpellCheckComponent Initializing spell checkers
2023-04-05 14:59:41.582 INFO  (coreLoadExecutor-13-thread-1) [   x:test] o.a.s.s.DirectSolrSpellChecker init: {name=default,field=_text_,classname=solr.DirectSolrSpellChecker,distanceMeasure=internal,accuracy=0.5,maxQueryFrequency=0.01,maxEdits=2,minPrefix=1,maxInspections=5,minQueryLength=4}
2023-04-05 14:59:41.592 INFO  (coreLoadExecutor-13-thread-1) [   x:test] o.a.s.h.ReplicationHandler Commits will be reserved for 10000 ms
2023-04-05 14:59:41.609 INFO  (searcherExecutor-16-thread-1-processing-x:test) [   x:test] o.a.s.c.QuerySenderListener QuerySenderListener done.
2023-04-05 14:59:41.609 INFO  (searcherExecutor-16-thread-1-processing-x:test) [   x:test] o.a.s.h.c.SpellCheckComponent Loading spell index for spellchecker: default
2023-04-05 14:59:41.615 INFO  (searcherExecutor-16-thread-1-processing-x:test) [   x:test] o.a.s.c.SolrCore [test]  Registered new searcher autowarm time: 0 ms
2023-04-05 14:59:42.628 INFO  (coreLoadExecutor-13-thread-2) [   x:thai_research] o.a.s.u.UpdateHandler Using UpdateLog implementation: org.apache.solr.update.UpdateLog
2023-04-05 14:59:42.628 INFO  (coreLoadExecutor-13-thread-2) [   x:thai_research] o.a.s.u.UpdateLog Initializing UpdateLog: dataDir= defaultSyncLevel=FLUSH numRecordsToKeep=100 maxNumLogsToKeep=10 numVersionBuckets=65536
2023-04-05 14:59:42.646 INFO  (coreLoadExecutor-13-thread-2) [   x:thai_research] o.a.s.u.CommitTracker Hard AutoCommit: if uncommitted for 15000ms; 
2023-04-05 14:59:42.646 INFO  (coreLoadExecutor-13-thread-2) [   x:thai_research] o.a.s.u.CommitTracker Soft AutoCommit: disabled
2023-04-05 14:59:42.743 INFO  (coreLoadExecutor-13-thread-2) [   x:thai_research] o.a.s.r.ManagedResourceStorage File-based storage initialized to use dir: C:\HomeWork\SWE62-384_Digital_Content_Storage_and_Retrieval\WorkShop\ThiaResearcherProject\Project\solr-8.11.1\server\solr\thai_research\conf
2023-04-05 14:59:42.744 INFO  (coreLoadExecutor-13-thread-2) [   x:thai_research] o.a.s.h.c.SpellCheckComponent Initializing spell checkers
2023-04-05 14:59:42.744 INFO  (coreLoadExecutor-13-thread-2) [   x:thai_research] o.a.s.s.DirectSolrSpellChecker init: {name=default,field=_text_,classname=solr.DirectSolrSpellChecker,distanceMeasure=internal,accuracy=0.5,maxQueryFrequency=0.01,maxEdits=2,minPrefix=1,maxInspections=5,minQueryLength=4}
2023-04-05 14:59:42.745 INFO  (coreLoadExecutor-13-thread-2) [   x:thai_research] o.a.s.h.ReplicationHandler Commits will be reserved for 10000 ms
2023-04-05 14:59:42.747 INFO  (searcherExecutor-17-thread-1-processing-x:thai_research) [   x:thai_research] o.a.s.c.QuerySenderListener QuerySenderListener done.
2023-04-05 14:59:42.747 INFO  (searcherExecutor-17-thread-1-processing-x:thai_research) [   x:thai_research] o.a.s.h.c.SpellCheckComponent Loading spell index for spellchecker: default
2023-04-05 14:59:42.750 INFO  (searcherExecutor-17-thread-1-processing-x:thai_research) [   x:thai_research] o.a.s.c.SolrCore [thai_research]  Registered new searcher autowarm time: 0 ms
2023-04-05 14:59:50.128 INFO  (qtp1678709153-23) [   x:thai_research] o.a.s.c.S.Request [thai_research]  webapp=/solr path=/select params={q=ProjectNameTH:**&facet.field=ProjectYearSubmit&facet.field=OECD1&facet.field=SubmitDepProvinceTH&indent=true&start=0&q.op=OR?indent%3Dtrue&q.op=OR&rows=180&facet=true} hits=180 status=0 QTime=118
2023-04-05 15:00:01.593 INFO  (qtp1678709153-24) [   x:thai_research] o.a.s.c.S.Request [thai_research]  webapp=/solr path=/select params={q=ProjectNameTH:fef*&facet.field=ProjectYearSubmit&facet.field=OECD1&facet.field=SubmitDepProvinceTH&indent=true&start=0&q.op=OR?indent%3Dtrue&q.op=OR&rows=180&facet=true} hits=0 status=0 QTime=5
2023-04-05 15:00:04.285 INFO  (qtp1678709153-19) [   x:thai_research] o.a.s.c.S.Request [thai_research]  webapp=/solr path=/select params={q=ProjectNameTH:**&facet.field=ProjectYearSubmit&facet.field=OECD1&facet.field=SubmitDepProvinceTH&indent=true&start=0&q.op=OR?indent%3Dtrue&q.op=OR&rows=180&facet=true} hits=180 status=0 QTime=3
2023-04-05 15:00:06.701 INFO  (qtp1678709153-22) [   x:thai_research] o.a.s.c.S.Request [thai_research]  webapp=/solr path=/select params={q=OECD1:เกษตรศาสตร์*&indent=true&start=0&q.op=AND&rows=180} hits=98 status=0 QTime=9
2023-04-05 15:00:07.890 INFO  (qtp1678709153-26) [   x:thai_research] o.a.s.c.S.Request [thai_research]  webapp=/solr path=/select params={q=OECD1:สังคมศาสตร์*&indent=true&start=0&q.op=AND&rows=180} hits=19 status=0 QTime=1
2023-04-05 15:00:08.472 INFO  (qtp1678709153-20) [   x:thai_research] o.a.s.c.S.Request [thai_research]  webapp=/solr path=/select params={q=OECD1:อื่นๆ*&indent=true&start=0&q.op=AND&rows=180} hits=18 status=0 QTime=1
2023-04-05 15:00:09.053 INFO  (qtp1678709153-23) [   x:thai_research] o.a.s.c.S.Request [thai_research]  webapp=/solr path=/select params={q=OECD1:วิทยาศาสตร์*&indent=true&start=0&q.op=AND&rows=180} hits=14 status=0 QTime=1
2023-04-05 15:00:09.804 INFO  (qtp1678709153-22) [   x:thai_research] o.a.s.c.S.Request [thai_research]  webapp=/solr path=/select params={q=OECD1:ธรรมชาติ*&indent=true&start=0&q.op=AND&rows=180} hits=12 status=0 QTime=2
2023-04-05 15:00:10.615 INFO  (qtp1678709153-26) [   x:thai_research] o.a.s.c.S.Request [thai_research]  webapp=/solr path=/select params={q=OECD1:วิศวกรรม*&indent=true&start=0&q.op=AND&rows=180} hits=8 status=0 QTime=1
2023-04-05 15:00:11.103 INFO  (qtp1678709153-20) [   x:thai_research] o.a.s.c.S.Request [thai_research]  webapp=/solr path=/select params={q=OECD1:เทคโนโลยี*&indent=true&start=0&q.op=AND&rows=180} hits=8 status=0 QTime=2
2023-04-05 15:00:12.237 INFO  (qtp1678709153-23) [   x:thai_research] o.a.s.c.S.Request [thai_research]  webapp=/solr path=/select params={q=SubmitDepProvinceTH:กรุงเทพมหานคร*&indent=true&start=0&q.op=AND&rows=180} hits=136 status=0 QTime=1
2023-04-05 15:00:12.614 INFO  (qtp1678709153-22) [   x:thai_research] o.a.s.c.S.Request [thai_research]  webapp=/solr path=/select params={q=SubmitDepProvinceTH:นครราชสีมา*&indent=true&start=0&q.op=AND&rows=180} hits=10 status=0 QTime=1
2023-04-05 15:00:13.181 INFO  (qtp1678709153-26) [   x:thai_research] o.a.s.c.S.Request [thai_research]  webapp=/solr path=/select params={q=SubmitDepProvinceTH:นครปฐม*&indent=true&start=0&q.op=AND&rows=180} hits=7 status=0 QTime=2
2023-04-05 15:00:14.284 INFO  (qtp1678709153-20) [   x:thai_research] o.a.s.c.S.Request [thai_research]  webapp=/solr path=/select params={q=SubmitDepProvinceTH:นนทบุรี*&indent=true&start=0&q.op=AND&rows=180} hits=6 status=0 QTime=0
2023-04-05 15:00:14.980 INFO  (qtp1678709153-23) [   x:thai_research] o.a.s.c.S.Request [thai_research]  webapp=/solr path=/select params={q=SubmitDepProvinceTH:ปทุมธานี*&indent=true&start=0&q.op=AND&rows=180} hits=6 status=0 QTime=1
2023-04-05 15:00:15.798 INFO  (qtp1678709153-22) [   x:thai_research] o.a.s.c.S.Request [thai_research]  webapp=/solr path=/select params={q=SubmitDepProvinceTH:กาฬสินธุ์*&indent=true&start=0&q.op=AND&rows=180} hits=2 status=0 QTime=1
2023-04-05 15:00:16.561 INFO  (qtp1678709153-26) [   x:thai_research] o.a.s.c.S.Request [thai_research]  webapp=/solr path=/select params={q=SubmitDepProvinceTH:มหาสารคาม*&indent=true&start=0&q.op=AND&rows=180} hits=2 status=0 QTime=0
2023-04-05 15:21:55.041 INFO  (qtp1678709153-27) [   x:thai_research] o.a.s.c.S.Request [thai_research]  webapp=/solr path=/select params={q=ProjectNameTH:**&facet.field=ProjectYearSubmit&facet.field=OECD1&facet.field=SubmitDepProvinceTH&indent=true&start=0&q.op=OR?indent%3Dtrue&q.op=OR&rows=180&facet=true} hits=180 status=0 QTime=3
2023-04-05 15:21:59.202 INFO  (qtp1678709153-23) [   x:thai_research] o.a.s.c.S.Request [thai_research]  webapp=/solr path=/select params={q=OECD1:สังคมศาสตร์*&facet.field=ProjectYearSubmit&facet.field=OECD1&facet.field=SubmitDepProvinceTH&indent=true&start=0&q.op=AND&fq=ProjectYearSubmit:2563&fq=SubmitDepProvinceTH:*&rows=180&facet=true} hits=19 status=0 QTime=58
2023-04-05 15:22:02.736 INFO  (qtp1678709153-22) [   x:thai_research] o.a.s.c.S.Request [thai_research]  webapp=/solr path=/select params={q=OECD1:**&facet.field=ProjectYearSubmit&facet.field=OECD1&facet.field=SubmitDepProvinceTH&indent=true&start=0&q.op=AND&fq=ProjectYearSubmit:2560&fq=SubmitDepProvinceTH:*&rows=180&facet=true} hits=20 status=0 QTime=10
2023-04-05 15:22:05.674 INFO  (qtp1678709153-26) [   x:thai_research] o.a.s.c.S.Request [thai_research]  webapp=/solr path=/select params={q=OECD1:**&facet.field=ProjectYearSubmit&facet.field=OECD1&facet.field=SubmitDepProvinceTH&indent=true&start=0&q.op=AND&fq=ProjectYearSubmit:*&fq=SubmitDepProvinceTH:ปทุมธานี&rows=180&facet=true} hits=6 status=0 QTime=5
2023-04-05 15:22:08.567 INFO  (qtp1678709153-19) [   x:thai_research] o.a.s.c.S.Request [thai_research]  webapp=/solr path=/select params={q=OECD1:มนุษยศาสตร์*&indent=true&start=0&q.op=AND&rows=180} hits=3 status=0 QTime=1
2023-04-05 15:22:09.468 INFO  (qtp1678709153-23) [   x:thai_research] o.a.s.c.S.Request [thai_research]  webapp=/solr path=/select params={q=SubmitDepProvinceTH:ปทุมธานี*&indent=true&start=0&q.op=AND&rows=180} hits=6 status=0 QTime=0
2023-04-05 15:22:10.150 INFO  (qtp1678709153-22) [   x:thai_research] o.a.s.c.S.Request [thai_research]  webapp=/solr path=/select params={q=ProjectYearSubmit:2563*&indent=true&start=0&q.op=AND&rows=180} hits=40 status=0 QTime=1
2023-04-05 15:22:11.421 INFO  (qtp1678709153-26) [   x:thai_research] o.a.s.c.S.Request [thai_research]  webapp=/solr path=/select params={q=SubmitDepProvinceTH:ปทุมธานี*&indent=true&start=0&q.op=AND&rows=180} hits=6 status=0 QTime=1
2023-04-05 15:22:23.428 INFO  (qtp1678709153-19) [   x:thai_research] o.a.s.c.S.Request [thai_research]  webapp=/solr path=/select params={q=ProjectYearSubmit:2563*&indent=true&start=0&q.op=AND&rows=180} hits=40 status=0 QTime=0
2023-04-05 15:22:32.786 INFO  (qtp1678709153-23) [   x:thai_research] o.a.s.c.S.Request [thai_research]  webapp=/solr path=/select params={q=OECD1:มนุษยศาสตร์*&indent=true&start=0&q.op=AND&rows=180} hits=3 status=0 QTime=0
2023-04-05 15:23:28.331 INFO  (qtp1678709153-22) [   x:thai_research] o.a.s.c.S.Request [thai_research]  webapp=/solr path=/select params={q=OECD1:มนุษยศาสตร์*&indent=true&start=0&q.op=AND&rows=180} hits=3 status=0 QTime=1
2023-04-05 15:23:29.265 INFO  (qtp1678709153-26) [   x:thai_research] o.a.s.c.S.Request [thai_research]  webapp=/solr path=/select params={q=SubmitDepProvinceTH:ปทุมธานี*&indent=true&start=0&q.op=AND&rows=180} hits=6 status=0 QTime=0
2023-04-05 15:23:29.877 INFO  (qtp1678709153-19) [   x:thai_research] o.a.s.c.S.Request [thai_research]  webapp=/solr path=/select params={q=ProjectYearSubmit:2563*&indent=true&start=0&q.op=AND&rows=180} hits=40 status=0 QTime=0
2023-04-05 15:23:32.087 INFO  (qtp1678709153-23) [   x:thai_research] o.a.s.c.S.Request [thai_research]  webapp=/solr path=/select params={q=SubmitDepProvinceTH:ปทุมธานี*&indent=true&start=0&q.op=AND&rows=180} hits=6 status=0 QTime=0
2023-04-05 15:23:39.596 INFO  (qtp1678709153-22) [   x:thai_research] o.a.s.c.S.Request [thai_research]  webapp=/solr path=/select params={q=OECD1:สังคมศาสตร์*&indent=true&start=0&q.op=AND&rows=180} hits=19 status=0 QTime=1
2023-04-05 15:23:59.671 INFO  (qtp1678709153-26) [   x:thai_research] o.a.s.c.S.Request [thai_research]  webapp=/solr path=/select params={q=ProjectNameTH:**&facet.field=ProjectYearSubmit&facet.field=OECD1&facet.field=SubmitDepProvinceTH&indent=true&start=0&q.op=OR?indent%3Dtrue&q.op=OR&rows=180&facet=true} hits=180 status=0 QTime=1
2023-04-05 15:24:02.575 INFO  (qtp1678709153-19) [   x:thai_research] o.a.s.c.S.Request [thai_research]  webapp=/solr path=/select params={q=OECD1:เกษตรศาสตร์*&indent=true&start=0&q.op=AND&rows=180} hits=98 status=0 QTime=0
2023-04-05 15:24:55.410 INFO  (qtp1678709153-23) [   x:thai_research] o.a.s.c.S.Request [thai_research]  webapp=/solr path=/select params={q=ProjectNameTH:**&facet.field=ProjectYearSubmit&facet.field=OECD1&facet.field=SubmitDepProvinceTH&indent=true&start=0&q.op=OR?indent%3Dtrue&q.op=OR&rows=180&facet=true} hits=180 status=0 QTime=1
